
ROM used:   170/8192 (2%)
            170/8192 (2%) including unused fragments

            0.2 Average locations per line
            4.0 Average locations per statement

RAM used:   7/368 (2%) at main() level
            8/368 (2%) worst case

Stack used: 0 worst case (0 in main + 0 for interrupts)
Stack size: 8

Lines Stmts  %   Files
----- ----- ---  -----
   57    43 100  main.c
  708     0   0  C:\Program Files (x86)\PICC\Devices\16F877A.h
----- -----
  765    43 Total

Page ROM  %  RAM    Vol Diff  Functions:
---- --- --- ---    --- ----  ----------
0     22  13    1             @delay_ms1
0    144  85    2   1048  3.9  main
 Inline         0             @cinit1

Program metrics:
    Functions               1
    Statements              43
    Comments                126
    Volume (V)              1054
    Difficulty (D)          3.8
    Effort to implement (E) 3999
    Time to implement (T)   4 minutes
    Est Delivered Bugs (B)  0
    Cyclomatic Complexity   7
    Maintainability (MI)    23

 Segment     Used  Free
-----------  ----  ----
00000-00003     4  0  
00004-007FF   166  1878  
00800-00FFF     0  2048  
01000-017FF     0  2048  
01800-01FFF     0  2048  



